Using pre-set license
Built from '2022.2/release' branch; Version is '2022.2.13f1 (5f5de2657605) revision 6249954'; Using compiler version '192829333'; Build Type 'Release'
OS: 'Windows 10  (10.0.19045) 64bit Core' Language: 'en' Physical Memory: 16239 MB
BatchMode: 1, IsHumanControllingUs: 0, StartBugReporterOnCrash: 0, Is64bit: 1, IsPro: 1

COMMAND LINE ARGUMENTS:
C:\Users\Jakov\Documents\Unity\2022.2.13f1\Editor\Unity.exe
-adb2
-batchMode
-noUpm
-name
AssetImportWorker0
-projectPath
C:/Users/Jakov/Documents/Git/ZavrsniRad_PostProcessing/ZavrsniRad_PostProcessing
-logFile
Logs/AssetImportWorker0.log
-srvPort
50698
Successfully changed project path to: C:/Users/Jakov/Documents/Git/ZavrsniRad_PostProcessing/ZavrsniRad_PostProcessing
C:/Users/Jakov/Documents/Git/ZavrsniRad_PostProcessing/ZavrsniRad_PostProcessing
[UnityMemory] Configuration Parameters - Can be set up in boot.config
    "memorysetup-bucket-allocator-granularity=16"
    "memorysetup-bucket-allocator-bucket-count=8"
    "memorysetup-bucket-allocator-block-size=33554432"
    "memorysetup-bucket-allocator-block-count=8"
    "memorysetup-main-allocator-block-size=16777216"
    "memorysetup-thread-allocator-block-size=16777216"
    "memorysetup-gfx-main-allocator-block-size=16777216"
    "memorysetup-gfx-thread-allocator-block-size=16777216"
    "memorysetup-cache-allocator-block-size=4194304"
    "memorysetup-typetree-allocator-block-size=2097152"
    "memorysetup-profiler-bucket-allocator-granularity=16"
    "memorysetup-profiler-bucket-allocator-bucket-count=8"
    "memorysetup-profiler-bucket-allocator-block-size=33554432"
    "memorysetup-profiler-bucket-allocator-block-count=8"
    "memorysetup-profiler-allocator-block-size=16777216"
    "memorysetup-profiler-editor-allocator-block-size=1048576"
    "memorysetup-temp-allocator-size-main=16777216"
    "memorysetup-job-temp-allocator-block-size=2097152"
    "memorysetup-job-temp-allocator-block-size-background=1048576"
    "memorysetup-job-temp-allocator-reduction-small-platforms=262144"
    "memorysetup-temp-allocator-size-background-worker=32768"
    "memorysetup-temp-allocator-size-job-worker=262144"
    "memorysetup-temp-allocator-size-preload-manager=33554432"
    "memorysetup-temp-allocator-size-nav-mesh-worker=65536"
    "memorysetup-temp-allocator-size-audio-worker=65536"
    "memorysetup-temp-allocator-size-cloud-worker=32768"
    "memorysetup-temp-allocator-size-gi-baking-worker=262144"
    "memorysetup-temp-allocator-size-gfx=262144"
Player connection [18884] Host "[IP] 192.168.56.1 [Port] 0 [Flags] 2 [Guid] 2973118927 [EditorId] 2973118927 [Version] 1048832 [Id] WindowsEditor(7,DESKTOP-VP8MNN1) [Debug] 1 [PackageName] WindowsEditor [ProjectName] Editor" joined multi-casting on [225.0.0.222:54997]...

Player connection [18884] Host "[IP] 192.168.56.1 [Port] 0 [Flags] 2 [Guid] 2973118927 [EditorId] 2973118927 [Version] 1048832 [Id] WindowsEditor(7,DESKTOP-VP8MNN1) [Debug] 1 [PackageName] WindowsEditor [ProjectName] Editor" joined alternative multi-casting on [225.0.0.222:34997]...

Refreshing native plugins compatible for Editor in 1712.78 ms, found 3 plugins.
Preloading 0 native plugins for Editor in 0.00 ms.
Initialize engine version: 2022.2.13f1 (5f5de2657605)
[Subsystems] Discovering subsystems at path C:/Users/Jakov/Documents/Unity/2022.2.13f1/Editor/Data/Resources/UnitySubsystems
[Subsystems] Discovering subsystems at path C:/Users/Jakov/Documents/Git/ZavrsniRad_PostProcessing/ZavrsniRad_PostProcessing/Assets
GfxDevice: creating device client; threaded=0; jobified=0
Direct3D:
    Version:  Direct3D 11.0 [level 11.1]
    Renderer: NVIDIA GeForce GTX 1650 (ID=0x1f82)
    Vendor:   NVIDIA
    VRAM:     3949 MB
    Driver:   31.0.15.3742
Initialize mono
Mono path[0] = 'C:/Users/Jakov/Documents/Unity/2022.2.13f1/Editor/Data/Managed'
Mono path[1] = 'C:/Users/Jakov/Documents/Unity/2022.2.13f1/Editor/Data/MonoBleedingEdge/lib/mono/unityjit-win32'
Mono config path = 'C:/Users/Jakov/Documents/Unity/2022.2.13f1/Editor/Data/MonoBleedingEdge/etc'
Using monoOptions --debugger-agent=transport=dt_socket,embedding=1,server=y,suspend=n,address=127.0.0.1:56636
Begin MonoManager ReloadAssembly
Registering precompiled unity dll's ...
Register platform support module: C:/Users/Jakov/Documents/Unity/2022.2.13f1/Editor/Data/PlaybackEngines/WebGLSupport/UnityEditor.WebGL.Extensions.dll
Register platform support module: C:/Users/Jakov/Documents/Unity/2022.2.13f1/Editor/Data/PlaybackEngines/WindowsStandaloneSupport/UnityEditor.WindowsStandalone.Extensions.dll
Registered in 0.008476 seconds.
- Loaded All Assemblies, in  3.385 seconds
Native extension for WindowsStandalone target not found
Native extension for WebGL target not found
Mono: successfully reloaded assembly
- Finished resetting the current domain, in  0.253 seconds
Domain Reload Profiling:
	ReloadAssembly (3229ms)
		BeginReloadAssembly (3136ms)
			ExecutionOrderSort (0ms)
			DisableScriptedObjects (0ms)
			BackupInstance (0ms)
			ReleaseScriptingObjects (0ms)
			CreateAndSetChildDomain (1ms)
		LoadAllAssembliesAndSetupDomain (0ms)
			LoadAssemblies (3134ms)
			RebuildTransferFunctionScriptingTraits (0ms)
			SetupTypeCache (150ms)
				TypeCache.Initialize (149ms)
					TypeCache.ScanAssembly (147ms)
				ResolveRequiredComponents (0ms)
		FinalizeReload (0ms)
			ReleaseScriptCaches (0ms)
			RebuildScriptCaches (0ms)
			SetupLoadedEditorAssemblies (201ms)
				LogAssemblyErrors (0ms)
				InitializePlatformSupportModulesInManaged (10ms)
				SetLoadedEditorAssemblies (4ms)
				RefreshPlugins (0ms)
				BeforeProcessingInitializeOnLoad (1ms)
				ProcessInitializeOnLoadAttributes (133ms)
				ProcessInitializeOnLoadMethodAttributes (53ms)
				AfterProcessingInitializeOnLoad (0ms)
				EditorAssembliesLoaded (0ms)
			ExecutionOrderSort2 (0ms)
			AwakeInstancesAfterBackupRestoration (0ms)
========================================================================
Worker process is ready to serve import requests
Begin MonoManager ReloadAssembly
Symbol file LoadedFromMemory doesn't match image C:\Users\Jakov\Documents\Git\ZavrsniRad_PostProcessing\ZavrsniRad_PostProcessing\Library\PackageCache\com.unity.visualscripting@1.8.0\Editor\VisualScripting.Core\Dependencies\YamlDotNet\Unity.VisualScripting.YamlDotNet.dll
Symbol file LoadedFromMemory doesn't match image C:\Users\Jakov\Documents\Git\ZavrsniRad_PostProcessing\ZavrsniRad_PostProcessing\Library\PackageCache\com.unity.visualscripting@1.8.0\Editor\VisualScripting.Core\Dependencies\DotNetZip\Unity.VisualScripting.IonicZip.dll
- Loaded All Assemblies, in  1.832 seconds
Refreshing native plugins compatible for Editor in 3.32 ms, found 3 plugins.
Native extension for WindowsStandalone target not found
Native extension for WebGL target not found
Mono: successfully reloaded assembly
- Finished resetting the current domain, in  0.465 seconds
Domain Reload Profiling:
	ReloadAssembly (191ms)
		BeginReloadAssembly (109ms)
			ExecutionOrderSort (0ms)
			DisableScriptedObjects (4ms)
			BackupInstance (0ms)
			ReleaseScriptingObjects (0ms)
			CreateAndSetChildDomain (20ms)
		LoadAllAssembliesAndSetupDomain (1639ms)
			LoadAssemblies (1397ms)
			RebuildTransferFunctionScriptingTraits (0ms)
			SetupTypeCache (294ms)
				TypeCache.Initialize (280ms)
					TypeCache.ScanAssembly (275ms)
				ResolveRequiredComponents (3ms)
		FinalizeReload (0ms)
			ReleaseScriptCaches (0ms)
			RebuildScriptCaches (0ms)
			SetupLoadedEditorAssemblies (332ms)
				LogAssemblyErrors (0ms)
				InitializePlatformSupportModulesInManaged (6ms)
				SetLoadedEditorAssemblies (4ms)
				RefreshPlugins (0ms)
				BeforeProcessingInitializeOnLoad (51ms)
				ProcessInitializeOnLoadAttributes (238ms)
				ProcessInitializeOnLoadMethodAttributes (26ms)
				AfterProcessingInitializeOnLoad (7ms)
				EditorAssembliesLoaded (0ms)
			ExecutionOrderSort2 (0ms)
			AwakeInstancesAfterBackupRestoration (7ms)
Launched and connected shader compiler UnityShaderCompiler.exe after 0.04 seconds
Refreshing native plugins compatible for Editor in 2.59 ms, found 3 plugins.
Preloading 0 native plugins for Editor in 0.00 ms.
Unloading 3135 Unused Serialized files (Serialized files now loaded: 0)
Unloading 37 unused Assets / (277.7 KB). Loaded Objects now: 3693.
Memory consumption went from 126.7 MB to 126.5 MB.
Total: 2.794700 ms (FindLiveObjects: 0.268000 ms CreateObjectMapping: 0.096100 ms MarkObjects: 2.274800 ms  DeleteObjects: 0.154200 ms)

AssetImportParameters requested are different than current active one (requested -> active):
  custom:container-demuxer-ogg: 62fdf1f143b41e24485cea50d1cbac27 -> 
  custom:video-decoder-ogg-theora: a1e56fd34408186e4bbccfd4996cb3dc -> 
  custom:framework-win-MediaFoundation: 216162199b28c13a410421893ffa2e32 -> 
  custom:container-demuxer-webm: 4f35f7cbe854078d1ac9338744f61a02 -> 
  custom:container-muxer-webm: aa71ff27fc2769a1b78a27578f13a17b -> 
  custom:video-decoder-webm-vp8: 9c59270c3fd7afecdb556c50c9e8de78 -> 
  custom:AudioImporter_EditorPlatform: d09bf68614088b80899f8185d706f6e7 -> 
  custom:video-encoder-webm-vp8: eb34c28f22e8b96e1ab97ce403110664 -> 
  custom:audio-decoder-ogg-vorbis: bf7c407c2cedff20999df2af8eb42d56 -> 
  custom:audio-encoder-webm-vorbis: bf7c407c2cedff20999df2af8eb42d56 -> 
========================================================================
Received Prepare
Begin MonoManager ReloadAssembly
Symbol file LoadedFromMemory doesn't match image C:\Users\Jakov\Documents\Git\ZavrsniRad_PostProcessing\ZavrsniRad_PostProcessing\Library\PackageCache\com.unity.visualscripting@1.8.0\Editor\VisualScripting.Core\Dependencies\YamlDotNet\Unity.VisualScripting.YamlDotNet.dll
Symbol file LoadedFromMemory doesn't match image C:\Users\Jakov\Documents\Git\ZavrsniRad_PostProcessing\ZavrsniRad_PostProcessing\Library\PackageCache\com.unity.visualscripting@1.8.0\Editor\VisualScripting.Core\Dependencies\DotNetZip\Unity.VisualScripting.IonicZip.dll
- Loaded All Assemblies, in  0.674 seconds
Refreshing native plugins compatible for Editor in 2.67 ms, found 3 plugins.
Native extension for WindowsStandalone target not found
Native extension for WebGL target not found
Mono: successfully reloaded assembly
- Finished resetting the current domain, in  0.628 seconds
Domain Reload Profiling:
	ReloadAssembly (198ms)
		BeginReloadAssembly (130ms)
			ExecutionOrderSort (0ms)
			DisableScriptedObjects (4ms)
			BackupInstance (0ms)
			ReleaseScriptingObjects (0ms)
			CreateAndSetChildDomain (36ms)
		LoadAllAssembliesAndSetupDomain (473ms)
			LoadAssemblies (235ms)
			RebuildTransferFunctionScriptingTraits (0ms)
			SetupTypeCache (286ms)
				TypeCache.Initialize (283ms)
					TypeCache.ScanAssembly (276ms)
				ResolveRequiredComponents (3ms)
		FinalizeReload (0ms)
			ReleaseScriptCaches (0ms)
			RebuildScriptCaches (0ms)
			SetupLoadedEditorAssemblies (282ms)
				LogAssemblyErrors (0ms)
				InitializePlatformSupportModulesInManaged (6ms)
				SetLoadedEditorAssemblies (3ms)
				RefreshPlugins (0ms)
				BeforeProcessingInitializeOnLoad (49ms)
				ProcessInitializeOnLoadAttributes (196ms)
				ProcessInitializeOnLoadMethodAttributes (21ms)
				AfterProcessingInitializeOnLoad (6ms)
				EditorAssembliesLoaded (0ms)
			ExecutionOrderSort2 (0ms)
			AwakeInstancesAfterBackupRestoration (13ms)
Refreshing native plugins compatible for Editor in 2.84 ms, found 3 plugins.
Preloading 0 native plugins for Editor in 0.00 ms.
Unloading 3110 Unused Serialized files (Serialized files now loaded: 0)
Unloading 28 unused Assets / (248.0 KB). Loaded Objects now: 3696.
Memory consumption went from 121.7 MB to 121.4 MB.
Total: 2.450600 ms (FindLiveObjects: 0.233300 ms CreateObjectMapping: 0.148400 ms MarkObjects: 1.917500 ms  DeleteObjects: 0.150300 ms)

Prepare: number of updated asset objects reloaded= 0
AssetImportParameters requested are different than current active one (requested -> active):
  custom:container-demuxer-ogg: 62fdf1f143b41e24485cea50d1cbac27 -> 
  custom:video-decoder-ogg-theora: a1e56fd34408186e4bbccfd4996cb3dc -> 
  custom:framework-win-MediaFoundation: 216162199b28c13a410421893ffa2e32 -> 
  custom:container-demuxer-webm: 4f35f7cbe854078d1ac9338744f61a02 -> 
  custom:container-muxer-webm: aa71ff27fc2769a1b78a27578f13a17b -> 
  custom:video-decoder-webm-vp8: 9c59270c3fd7afecdb556c50c9e8de78 -> 
  custom:AudioImporter_EditorPlatform: d09bf68614088b80899f8185d706f6e7 -> 
  custom:video-encoder-webm-vp8: eb34c28f22e8b96e1ab97ce403110664 -> 
  custom:audio-decoder-ogg-vorbis: bf7c407c2cedff20999df2af8eb42d56 -> 
  custom:audio-encoder-webm-vorbis: bf7c407c2cedff20999df2af8eb42d56 -> 
========================================================================
Received Import Request.
  Time since last request: 5857.739497 seconds.
  path: Assets/Code/test.png
  artifactKey: Guid(86033c807655dc646bfb1f5ffda3ecf2) Importer(815301076,1909f56bfc062723c751e8b465ee728b)
Start importing Assets/Code/test.png using Guid(86033c807655dc646bfb1f5ffda3ecf2) Importer(815301076,1909f56bfc062723c751e8b465ee728b)  -> (artifact id: '00000000000000000000000000000000') in 0.045688 seconds
Import Error Code:(4)
Message: Build asset version error: assets/code/test.png in SourceAssetDB has modification time of '2024-01-29T16:50:31.3247402Z' while content on disk has modification time of '2024-01-29T16:50:38.3628581Z'
  ERROR: Build asset version error: assets/code/test.png in SourceAssetDB has modification time of '2024-01-29T16:50:31.3247402Z' while content on disk has modification time of '2024-01-29T16:50:38.3628581Z'
Number of updated asset objects reloaded before import = 0
Number of asset objects unloaded after import = 0
========================================================================
Received Import Request.
  Time since last request: 0.179436 seconds.
  path: Assets/Code/test.png
  artifactKey: Guid(86033c807655dc646bfb1f5ffda3ecf2) Importer(815301076,1909f56bfc062723c751e8b465ee728b)
Start importing Assets/Code/test.png using Guid(86033c807655dc646bfb1f5ffda3ecf2) Importer(815301076,1909f56bfc062723c751e8b465ee728b)  -> (artifact id: '00000000000000000000000000000000') in 0.005468 seconds
Import Error Code:(4)
Message: Build asset version error: assets/code/test.png in SourceAssetDB has modification time of '2024-01-29T16:50:31.3247402Z' while content on disk has modification time of '2024-01-29T16:50:38.5885903Z'
  ERROR: Build asset version error: assets/code/test.png in SourceAssetDB has modification time of '2024-01-29T16:50:31.3247402Z' while content on disk has modification time of '2024-01-29T16:50:38.5885903Z'
Number of updated asset objects reloaded before import = 0
Number of asset objects unloaded after import = 0
========================================================================
Received Import Request.
  Time since last request: 0.203010 seconds.
  path: Assets/Code/test.png
  artifactKey: Guid(86033c807655dc646bfb1f5ffda3ecf2) Importer(815301076,1909f56bfc062723c751e8b465ee728b)
Start importing Assets/Code/test.png using Guid(86033c807655dc646bfb1f5ffda3ecf2) Importer(815301076,1909f56bfc062723c751e8b465ee728b)  -> (artifact id: '00000000000000000000000000000000') in 0.005728 seconds
Import Error Code:(4)
Message: Build asset version error: assets/code/test.png in SourceAssetDB has modification time of '2024-01-29T16:50:31.3247402Z' while content on disk has modification time of '2024-01-29T16:50:38.8007137Z'
  ERROR: Build asset version error: assets/code/test.png in SourceAssetDB has modification time of '2024-01-29T16:50:31.3247402Z' while content on disk has modification time of '2024-01-29T16:50:38.8007137Z'
Number of updated asset objects reloaded before import = 0
Number of asset objects unloaded after import = 0
========================================================================
Received Import Request.
  Time since last request: 0.204527 seconds.
  path: Assets/Code/test.png
  artifactKey: Guid(86033c807655dc646bfb1f5ffda3ecf2) Importer(815301076,1909f56bfc062723c751e8b465ee728b)
Start importing Assets/Code/test.png using Guid(86033c807655dc646bfb1f5ffda3ecf2) Importer(815301076,1909f56bfc062723c751e8b465ee728b)  -> (artifact id: '00000000000000000000000000000000') in 0.006435 seconds
Import Error Code:(4)
Message: Build asset version error: assets/code/test.png in SourceAssetDB has modification time of '2024-01-29T16:50:31.3247402Z' while content on disk has modification time of '2024-01-29T16:50:39.0106382Z'
  ERROR: Build asset version error: assets/code/test.png in SourceAssetDB has modification time of '2024-01-29T16:50:31.3247402Z' while content on disk has modification time of '2024-01-29T16:50:39.0106382Z'
Number of updated asset objects reloaded before import = 0
Number of asset objects unloaded after import = 0
========================================================================
Received Import Request.
  Time since last request: 0.195490 seconds.
  path: Assets/Code/test.png
  artifactKey: Guid(86033c807655dc646bfb1f5ffda3ecf2) Importer(815301076,1909f56bfc062723c751e8b465ee728b)
Start importing Assets/Code/test.png using Guid(86033c807655dc646bfb1f5ffda3ecf2) Importer(815301076,1909f56bfc062723c751e8b465ee728b)  -> (artifact id: '00000000000000000000000000000000') in 0.005641 seconds
Import Error Code:(4)
Message: Build asset version error: assets/code/test.png in SourceAssetDB has modification time of '2024-01-29T16:50:31.3247402Z' while content on disk has modification time of '2024-01-29T16:50:39.2145921Z'
  ERROR: Build asset version error: assets/code/test.png in SourceAssetDB has modification time of '2024-01-29T16:50:31.3247402Z' while content on disk has modification time of '2024-01-29T16:50:39.2145921Z'
Number of updated asset objects reloaded before import = 0
Number of asset objects unloaded after import = 0
========================================================================
Received Import Request.
  Time since last request: 0.198081 seconds.
  path: Assets/Code/test.png
  artifactKey: Guid(86033c807655dc646bfb1f5ffda3ecf2) Importer(815301076,1909f56bfc062723c751e8b465ee728b)
Start importing Assets/Code/test.png using Guid(86033c807655dc646bfb1f5ffda3ecf2) Importer(815301076,1909f56bfc062723c751e8b465ee728b)  -> (artifact id: '00000000000000000000000000000000') in 0.005490 seconds
Import Error Code:(4)
Message: Build asset version error: assets/code/test.png in SourceAssetDB has modification time of '2024-01-29T16:50:31.3247402Z' while content on disk has modification time of '2024-01-29T16:50:39.4185378Z'
  ERROR: Build asset version error: assets/code/test.png in SourceAssetDB has modification time of '2024-01-29T16:50:31.3247402Z' while content on disk has modification time of '2024-01-29T16:50:39.4185378Z'
Number of updated asset objects reloaded before import = 0
Number of asset objects unloaded after import = 0
========================================================================
Received Import Request.
  Time since last request: 0.202718 seconds.
  path: Assets/Code/test.png
  artifactKey: Guid(86033c807655dc646bfb1f5ffda3ecf2) Importer(815301076,1909f56bfc062723c751e8b465ee728b)
Start importing Assets/Code/test.png using Guid(86033c807655dc646bfb1f5ffda3ecf2) Importer(815301076,1909f56bfc062723c751e8b465ee728b)  -> (artifact id: '00000000000000000000000000000000') in 0.005409 seconds
Import Error Code:(4)
Message: Build asset version error: assets/code/test.png in SourceAssetDB has modification time of '2024-01-29T16:50:31.3247402Z' while content on disk has modification time of '2024-01-29T16:50:39.6271011Z'
  ERROR: Build asset version error: assets/code/test.png in SourceAssetDB has modification time of '2024-01-29T16:50:31.3247402Z' while content on disk has modification time of '2024-01-29T16:50:39.6271011Z'
Number of updated asset objects reloaded before import = 0
Number of asset objects unloaded after import = 0
========================================================================
Received Import Request.
  Time since last request: 0.200405 seconds.
  path: Assets/Code/test.png
  artifactKey: Guid(86033c807655dc646bfb1f5ffda3ecf2) Importer(815301076,1909f56bfc062723c751e8b465ee728b)
Start importing Assets/Code/test.png using Guid(86033c807655dc646bfb1f5ffda3ecf2) Importer(815301076,1909f56bfc062723c751e8b465ee728b)  -> (artifact id: '00000000000000000000000000000000') in 0.006195 seconds
Import Error Code:(4)
Message: Build asset version error: assets/code/test.png in SourceAssetDB has modification time of '2024-01-29T16:50:31.3247402Z' while content on disk has modification time of '2024-01-29T16:50:39.8333286Z'
  ERROR: Build asset version error: assets/code/test.png in SourceAssetDB has modification time of '2024-01-29T16:50:31.3247402Z' while content on disk has modification time of '2024-01-29T16:50:39.8333286Z'
Number of updated asset objects reloaded before import = 0
Number of asset objects unloaded after import = 0
========================================================================
Received Import Request.
  Time since last request: 0.237791 seconds.
  path: Assets/Code/test.png
  artifactKey: Guid(86033c807655dc646bfb1f5ffda3ecf2) Importer(815301076,1909f56bfc062723c751e8b465ee728b)
Start importing Assets/Code/test.png using Guid(86033c807655dc646bfb1f5ffda3ecf2) Importer(815301076,1909f56bfc062723c751e8b465ee728b)  -> (artifact id: '00000000000000000000000000000000') in 0.005340 seconds
Import Error Code:(4)
Message: Build asset version error: assets/code/test.png in SourceAssetDB has modification time of '2024-01-29T16:50:31.3247402Z' while content on disk has modification time of '2024-01-29T16:50:40.0762583Z'
  ERROR: Build asset version error: assets/code/test.png in SourceAssetDB has modification time of '2024-01-29T16:50:31.3247402Z' while content on disk has modification time of '2024-01-29T16:50:40.0762583Z'
Number of updated asset objects reloaded before import = 0
Number of asset objects unloaded after import = 0
========================================================================
Received Import Request.
  Time since last request: 0.280738 seconds.
  path: Assets/Code/test.png
  artifactKey: Guid(86033c807655dc646bfb1f5ffda3ecf2) Importer(815301076,1909f56bfc062723c751e8b465ee728b)
Start importing Assets/Code/test.png using Guid(86033c807655dc646bfb1f5ffda3ecf2) Importer(815301076,1909f56bfc062723c751e8b465ee728b)  -> (artifact id: '00000000000000000000000000000000') in 0.006856 seconds
Import Error Code:(4)
Message: Build asset version error: assets/code/test.png in SourceAssetDB has modification time of '2024-01-29T16:50:31.3247402Z' while content on disk has modification time of '2024-01-29T16:50:40.3647516Z'
  ERROR: Build asset version error: assets/code/test.png in SourceAssetDB has modification time of '2024-01-29T16:50:31.3247402Z' while content on disk has modification time of '2024-01-29T16:50:40.3647516Z'
Number of updated asset objects reloaded before import = 0
Number of asset objects unloaded after import = 0
========================================================================
Received Import Request.
  Time since last request: 0.206485 seconds.
  path: Assets/Code/test.png
  artifactKey: Guid(86033c807655dc646bfb1f5ffda3ecf2) Importer(815301076,1909f56bfc062723c751e8b465ee728b)
Start importing Assets/Code/test.png using Guid(86033c807655dc646bfb1f5ffda3ecf2) Importer(815301076,1909f56bfc062723c751e8b465ee728b)  -> (artifact id: '00000000000000000000000000000000') in 0.006042 seconds
Import Error Code:(4)
Message: Build asset version error: assets/code/test.png in SourceAssetDB has modification time of '2024-01-29T16:50:31.3247402Z' while content on disk has modification time of '2024-01-29T16:50:40.5788557Z'
  ERROR: Build asset version error: assets/code/test.png in SourceAssetDB has modification time of '2024-01-29T16:50:31.3247402Z' while content on disk has modification time of '2024-01-29T16:50:40.5788557Z'
Number of updated asset objects reloaded before import = 0
Number of asset objects unloaded after import = 0
========================================================================
Received Import Request.
  Time since last request: 0.201279 seconds.
  path: Assets/Code/test.png
  artifactKey: Guid(86033c807655dc646bfb1f5ffda3ecf2) Importer(815301076,1909f56bfc062723c751e8b465ee728b)
Start importing Assets/Code/test.png using Guid(86033c807655dc646bfb1f5ffda3ecf2) Importer(815301076,1909f56bfc062723c751e8b465ee728b)  -> (artifact id: '00000000000000000000000000000000') in 0.006209 seconds
Import Error Code:(4)
Message: Build asset version error: assets/code/test.png in SourceAssetDB has modification time of '2024-01-29T16:50:31.3247402Z' while content on disk has modification time of '2024-01-29T16:50:40.7858473Z'
  ERROR: Build asset version error: assets/code/test.png in SourceAssetDB has modification time of '2024-01-29T16:50:31.3247402Z' while content on disk has modification time of '2024-01-29T16:50:40.7858473Z'
Number of updated asset objects reloaded before import = 0
Number of asset objects unloaded after import = 0
========================================================================
Received Import Request.
  Time since last request: 0.202509 seconds.
  path: Assets/Code/test.png
  artifactKey: Guid(86033c807655dc646bfb1f5ffda3ecf2) Importer(815301076,1909f56bfc062723c751e8b465ee728b)
Start importing Assets/Code/test.png using Guid(86033c807655dc646bfb1f5ffda3ecf2) Importer(815301076,1909f56bfc062723c751e8b465ee728b)  -> (artifact id: '00000000000000000000000000000000') in 0.006342 seconds
Import Error Code:(4)
Message: Build asset version error: assets/code/test.png in SourceAssetDB has modification time of '2024-01-29T16:50:31.3247402Z' while content on disk has modification time of '2024-01-29T16:50:40.9954211Z'
  ERROR: Build asset version error: assets/code/test.png in SourceAssetDB has modification time of '2024-01-29T16:50:31.3247402Z' while content on disk has modification time of '2024-01-29T16:50:40.9954211Z'
Number of updated asset objects reloaded before import = 0
Number of asset objects unloaded after import = 0
========================================================================
Received Import Request.
  Time since last request: 0.204365 seconds.
  path: Assets/Code/test.png
  artifactKey: Guid(86033c807655dc646bfb1f5ffda3ecf2) Importer(815301076,1909f56bfc062723c751e8b465ee728b)
Start importing Assets/Code/test.png using Guid(86033c807655dc646bfb1f5ffda3ecf2) Importer(815301076,1909f56bfc062723c751e8b465ee728b)  -> (artifact id: '00000000000000000000000000000000') in 0.005424 seconds
Import Error Code:(4)
Message: Build asset version error: assets/code/test.png in SourceAssetDB has modification time of '2024-01-29T16:50:31.3247402Z' while content on disk has modification time of '2024-01-29T16:50:41.2069612Z'
  ERROR: Build asset version error: assets/code/test.png in SourceAssetDB has modification time of '2024-01-29T16:50:31.3247402Z' while content on disk has modification time of '2024-01-29T16:50:41.2069612Z'
Number of updated asset objects reloaded before import = 0
Number of asset objects unloaded after import = 0
========================================================================
Received Import Request.
  Time since last request: 0.213420 seconds.
  path: Assets/Code/test.png
  artifactKey: Guid(86033c807655dc646bfb1f5ffda3ecf2) Importer(815301076,1909f56bfc062723c751e8b465ee728b)
Start importing Assets/Code/test.png using Guid(86033c807655dc646bfb1f5ffda3ecf2) Importer(815301076,1909f56bfc062723c751e8b465ee728b)  -> (artifact id: '00000000000000000000000000000000') in 0.006534 seconds
Import Error Code:(4)
Message: Build asset version error: assets/code/test.png in SourceAssetDB has modification time of '2024-01-29T16:50:31.3247402Z' while content on disk has modification time of '2024-01-29T16:50:41.4209002Z'
  ERROR: Build asset version error: assets/code/test.png in SourceAssetDB has modification time of '2024-01-29T16:50:31.3247402Z' while content on disk has modification time of '2024-01-29T16:50:41.4209002Z'
Number of updated asset objects reloaded before import = 0
Number of asset objects unloaded after import = 0
========================================================================
Received Import Request.
  Time since last request: 0.211364 seconds.
  path: Assets/Code/test.png
  artifactKey: Guid(86033c807655dc646bfb1f5ffda3ecf2) Importer(815301076,1909f56bfc062723c751e8b465ee728b)
Start importing Assets/Code/test.png using Guid(86033c807655dc646bfb1f5ffda3ecf2) Importer(815301076,1909f56bfc062723c751e8b465ee728b)  -> (artifact id: '00000000000000000000000000000000') in 0.005464 seconds
Import Error Code:(4)
Message: Build asset version error: assets/code/test.png in SourceAssetDB has modification time of '2024-01-29T16:50:31.3247402Z' while content on disk has modification time of '2024-01-29T16:50:41.6449335Z'
  ERROR: Build asset version error: assets/code/test.png in SourceAssetDB has modification time of '2024-01-29T16:50:31.3247402Z' while content on disk has modification time of '2024-01-29T16:50:41.6449335Z'
Number of updated asset objects reloaded before import = 0
Number of asset objects unloaded after import = 0
========================================================================
Received Import Request.
  Time since last request: 0.211363 seconds.
  path: Assets/Code/test.png
  artifactKey: Guid(86033c807655dc646bfb1f5ffda3ecf2) Importer(815301076,1909f56bfc062723c751e8b465ee728b)
Start importing Assets/Code/test.png using Guid(86033c807655dc646bfb1f5ffda3ecf2) Importer(815301076,1909f56bfc062723c751e8b465ee728b)  -> (artifact id: '00000000000000000000000000000000') in 0.010325 seconds
Import Error Code:(4)
Message: Build asset version error: assets/code/test.png in SourceAssetDB has modification time of '2024-01-29T16:50:31.3247402Z' while content on disk has modification time of '2024-01-29T16:50:41.8615342Z'
  ERROR: Build asset version error: assets/code/test.png in SourceAssetDB has modification time of '2024-01-29T16:50:31.3247402Z' while content on disk has modification time of '2024-01-29T16:50:41.8615342Z'
Number of updated asset objects reloaded before import = 0
Number of asset objects unloaded after import = 0
========================================================================
Received Import Request.
  Time since last request: 0.196006 seconds.
  path: Assets/Code/test.png
  artifactKey: Guid(86033c807655dc646bfb1f5ffda3ecf2) Importer(815301076,1909f56bfc062723c751e8b465ee728b)
Start importing Assets/Code/test.png using Guid(86033c807655dc646bfb1f5ffda3ecf2) Importer(815301076,1909f56bfc062723c751e8b465ee728b)  -> (artifact id: '00000000000000000000000000000000') in 0.006609 seconds
Import Error Code:(4)
Message: Build asset version error: assets/code/test.png in SourceAssetDB has modification time of '2024-01-29T16:50:31.3247402Z' while content on disk has modification time of '2024-01-29T16:50:42.0690927Z'
  ERROR: Build asset version error: assets/code/test.png in SourceAssetDB has modification time of '2024-01-29T16:50:31.3247402Z' while content on disk has modification time of '2024-01-29T16:50:42.0690927Z'
Number of updated asset objects reloaded before import = 0
Number of asset objects unloaded after import = 0
========================================================================
Received Import Request.
  Time since last request: 0.269134 seconds.
  path: Assets/Code/test.png
  artifactKey: Guid(86033c807655dc646bfb1f5ffda3ecf2) Importer(815301076,1909f56bfc062723c751e8b465ee728b)
Start importing Assets/Code/test.png using Guid(86033c807655dc646bfb1f5ffda3ecf2) Importer(815301076,1909f56bfc062723c751e8b465ee728b)  -> (artifact id: '00000000000000000000000000000000') in 0.006779 seconds
Import Error Code:(4)
Message: Build asset version error: assets/code/test.png in SourceAssetDB has modification time of '2024-01-29T16:50:31.3247402Z' while content on disk has modification time of '2024-01-29T16:50:42.3438275Z'
  ERROR: Build asset version error: assets/code/test.png in SourceAssetDB has modification time of '2024-01-29T16:50:31.3247402Z' while content on disk has modification time of '2024-01-29T16:50:42.3438275Z'
Number of updated asset objects reloaded before import = 0
Number of asset objects unloaded after import = 0
========================================================================
Received Import Request.
  Time since last request: 0.208757 seconds.
  path: Assets/Code/test.png
  artifactKey: Guid(86033c807655dc646bfb1f5ffda3ecf2) Importer(815301076,1909f56bfc062723c751e8b465ee728b)
Start importing Assets/Code/test.png using Guid(86033c807655dc646bfb1f5ffda3ecf2) Importer(815301076,1909f56bfc062723c751e8b465ee728b)  -> (artifact id: '00000000000000000000000000000000') in 0.006285 seconds
Import Error Code:(4)
Message: Build asset version error: assets/code/test.png in SourceAssetDB has modification time of '2024-01-29T16:50:31.3247402Z' while content on disk has modification time of '2024-01-29T16:50:42.5608709Z'
  ERROR: Build asset version error: assets/code/test.png in SourceAssetDB has modification time of '2024-01-29T16:50:31.3247402Z' while content on disk has modification time of '2024-01-29T16:50:42.5608709Z'
Number of updated asset objects reloaded before import = 0
Number of asset objects unloaded after import = 0
========================================================================
Received Import Request.
  Time since last request: 0.205480 seconds.
  path: Assets/Code/test.png
  artifactKey: Guid(86033c807655dc646bfb1f5ffda3ecf2) Importer(815301076,1909f56bfc062723c751e8b465ee728b)
Start importing Assets/Code/test.png using Guid(86033c807655dc646bfb1f5ffda3ecf2) Importer(815301076,1909f56bfc062723c751e8b465ee728b)  -> (artifact id: '00000000000000000000000000000000') in 0.006262 seconds
Import Error Code:(4)
Message: Build asset version error: assets/code/test.png in SourceAssetDB has modification time of '2024-01-29T16:50:31.3247402Z' while content on disk has modification time of '2024-01-29T16:50:42.7724268Z'
  ERROR: Build asset version error: assets/code/test.png in SourceAssetDB has modification time of '2024-01-29T16:50:31.3247402Z' while content on disk has modification time of '2024-01-29T16:50:42.7724268Z'
Number of updated asset objects reloaded before import = 0
Number of asset objects unloaded after import = 0
========================================================================
Received Import Request.
  Time since last request: 0.209619 seconds.
  path: Assets/Code/test.png
  artifactKey: Guid(86033c807655dc646bfb1f5ffda3ecf2) Importer(815301076,1909f56bfc062723c751e8b465ee728b)
Start importing Assets/Code/test.png using Guid(86033c807655dc646bfb1f5ffda3ecf2) Importer(815301076,1909f56bfc062723c751e8b465ee728b)  -> (artifact id: '00000000000000000000000000000000') in 0.004990 seconds
Import Error Code:(4)
Message: Build asset version error: assets/code/test.png in SourceAssetDB has modification time of '2024-01-29T16:50:31.3247402Z' while content on disk has modification time of '2024-01-29T16:50:42.9900185Z'
  ERROR: Build asset version error: assets/code/test.png in SourceAssetDB has modification time of '2024-01-29T16:50:31.3247402Z' while content on disk has modification time of '2024-01-29T16:50:42.9900185Z'
Number of updated asset objects reloaded before import = 0
Number of asset objects unloaded after import = 0
========================================================================
Received Import Request.
  Time since last request: 0.218101 seconds.
  path: Assets/Code/test.png
  artifactKey: Guid(86033c807655dc646bfb1f5ffda3ecf2) Importer(815301076,1909f56bfc062723c751e8b465ee728b)
Start importing Assets/Code/test.png using Guid(86033c807655dc646bfb1f5ffda3ecf2) Importer(815301076,1909f56bfc062723c751e8b465ee728b)  -> (artifact id: '00000000000000000000000000000000') in 0.005286 seconds
Import Error Code:(4)
Message: Build asset version error: assets/code/test.png in SourceAssetDB has modification time of '2024-01-29T16:50:31.3247402Z' while content on disk has modification time of '2024-01-29T16:50:43.213428Z'
  ERROR: Build asset version error: assets/code/test.png in SourceAssetDB has modification time of '2024-01-29T16:50:31.3247402Z' while content on disk has modification time of '2024-01-29T16:50:43.213428Z'
Number of updated asset objects reloaded before import = 0
Number of asset objects unloaded after import = 0
========================================================================
Received Import Request.
  Time since last request: 0.207482 seconds.
  path: Assets/Code/test.png
  artifactKey: Guid(86033c807655dc646bfb1f5ffda3ecf2) Importer(815301076,1909f56bfc062723c751e8b465ee728b)
Start importing Assets/Code/test.png using Guid(86033c807655dc646bfb1f5ffda3ecf2) Importer(815301076,1909f56bfc062723c751e8b465ee728b)  -> (artifact id: '00000000000000000000000000000000') in 0.005385 seconds
Import Error Code:(4)
Message: Build asset version error: assets/code/test.png in SourceAssetDB has modification time of '2024-01-29T16:50:31.3247402Z' while content on disk has modification time of '2024-01-29T16:50:43.4260968Z'
  ERROR: Build asset version error: assets/code/test.png in SourceAssetDB has modification time of '2024-01-29T16:50:31.3247402Z' while content on disk has modification time of '2024-01-29T16:50:43.4260968Z'
Number of updated asset objects reloaded before import = 0
Number of asset objects unloaded after import = 0
========================================================================
Received Import Request.
  Time since last request: 0.210360 seconds.
  path: Assets/Code/test.png
  artifactKey: Guid(86033c807655dc646bfb1f5ffda3ecf2) Importer(815301076,1909f56bfc062723c751e8b465ee728b)
Start importing Assets/Code/test.png using Guid(86033c807655dc646bfb1f5ffda3ecf2) Importer(815301076,1909f56bfc062723c751e8b465ee728b)  -> (artifact id: '00000000000000000000000000000000') in 0.005753 seconds
Import Error Code:(4)
Message: Build asset version error: assets/code/test.png in SourceAssetDB has modification time of '2024-01-29T16:50:31.3247402Z' while content on disk has modification time of '2024-01-29T16:50:43.6432675Z'
  ERROR: Build asset version error: assets/code/test.png in SourceAssetDB has modification time of '2024-01-29T16:50:31.3247402Z' while content on disk has modification time of '2024-01-29T16:50:43.6432675Z'
Number of updated asset objects reloaded before import = 0
Number of asset objects unloaded after import = 0
========================================================================
Received Import Request.
  Time since last request: 0.210872 seconds.
  path: Assets/Code/test.png
  artifactKey: Guid(86033c807655dc646bfb1f5ffda3ecf2) Importer(815301076,1909f56bfc062723c751e8b465ee728b)
Start importing Assets/Code/test.png using Guid(86033c807655dc646bfb1f5ffda3ecf2) Importer(815301076,1909f56bfc062723c751e8b465ee728b)  -> (artifact id: '00000000000000000000000000000000') in 0.005638 seconds
Import Error Code:(4)
Message: Build asset version error: assets/code/test.png in SourceAssetDB has modification time of '2024-01-29T16:50:31.3247402Z' while content on disk has modification time of '2024-01-29T16:50:43.8603637Z'
  ERROR: Build asset version error: assets/code/test.png in SourceAssetDB has modification time of '2024-01-29T16:50:31.3247402Z' while content on disk has modification time of '2024-01-29T16:50:43.8603637Z'
Number of updated asset objects reloaded before import = 0
Number of asset objects unloaded after import = 0
========================================================================
Received Import Request.
  Time since last request: 0.217219 seconds.
  path: Assets/Code/test.png
  artifactKey: Guid(86033c807655dc646bfb1f5ffda3ecf2) Importer(815301076,1909f56bfc062723c751e8b465ee728b)
Start importing Assets/Code/test.png using Guid(86033c807655dc646bfb1f5ffda3ecf2) Importer(815301076,1909f56bfc062723c751e8b465ee728b)  -> (artifact id: '00000000000000000000000000000000') in 0.005273 seconds
Import Error Code:(4)
Message: Build asset version error: assets/code/test.png in SourceAssetDB has modification time of '2024-01-29T16:50:31.3247402Z' while content on disk has modification time of '2024-01-29T16:50:44.082849Z'
  ERROR: Build asset version error: assets/code/test.png in SourceAssetDB has modification time of '2024-01-29T16:50:31.3247402Z' while content on disk has modification time of '2024-01-29T16:50:44.082849Z'
Number of updated asset objects reloaded before import = 0
Number of asset objects unloaded after import = 0
========================================================================
Received Import Request.
  Time since last request: 0.269967 seconds.
  path: Assets/Code/test.png
  artifactKey: Guid(86033c807655dc646bfb1f5ffda3ecf2) Importer(815301076,1909f56bfc062723c751e8b465ee728b)
Start importing Assets/Code/test.png using Guid(86033c807655dc646bfb1f5ffda3ecf2) Importer(815301076,1909f56bfc062723c751e8b465ee728b)  -> (artifact id: '00000000000000000000000000000000') in 0.006515 seconds
Import Error Code:(4)
Message: Build asset version error: assets/code/test.png in SourceAssetDB has modification time of '2024-01-29T16:50:31.3247402Z' while content on disk has modification time of '2024-01-29T16:50:44.3593176Z'
  ERROR: Build asset version error: assets/code/test.png in SourceAssetDB has modification time of '2024-01-29T16:50:31.3247402Z' while content on disk has modification time of '2024-01-29T16:50:44.3593176Z'
Number of updated asset objects reloaded before import = 0
Number of asset objects unloaded after import = 0
========================================================================
Received Import Request.
  Time since last request: 0.342693 seconds.
  path: Assets/Code/test.png
  artifactKey: Guid(86033c807655dc646bfb1f5ffda3ecf2) Importer(815301076,1909f56bfc062723c751e8b465ee728b)
Start importing Assets/Code/test.png using Guid(86033c807655dc646bfb1f5ffda3ecf2) Importer(815301076,1909f56bfc062723c751e8b465ee728b)  -> (artifact id: '00000000000000000000000000000000') in 0.005769 seconds
Import Error Code:(4)
Message: Build asset version error: assets/code/test.png in SourceAssetDB has modification time of '2024-01-29T16:50:44.3593176Z' while content on disk has modification time of '2024-01-29T16:50:44.7077011Z'
  ERROR: Build asset version error: assets/code/test.png in SourceAssetDB has modification time of '2024-01-29T16:50:44.3593176Z' while content on disk has modification time of '2024-01-29T16:50:44.7077011Z'
Number of updated asset objects reloaded before import = 0
Number of asset objects unloaded after import = 0
========================================================================
Received Prepare
Begin MonoManager ReloadAssembly
Symbol file LoadedFromMemory doesn't match image C:\Users\Jakov\Documents\Git\ZavrsniRad_PostProcessing\ZavrsniRad_PostProcessing\Library\PackageCache\com.unity.visualscripting@1.8.0\Editor\VisualScripting.Core\Dependencies\YamlDotNet\Unity.VisualScripting.YamlDotNet.dll
Symbol file LoadedFromMemory doesn't match image C:\Users\Jakov\Documents\Git\ZavrsniRad_PostProcessing\ZavrsniRad_PostProcessing\Library\PackageCache\com.unity.visualscripting@1.8.0\Editor\VisualScripting.Core\Dependencies\DotNetZip\Unity.VisualScripting.IonicZip.dll
- Loaded All Assemblies, in  0.720 seconds
Refreshing native plugins compatible for Editor in 2.69 ms, found 3 plugins.
Native extension for WindowsStandalone target not found
Native extension for WebGL target not found
Mono: successfully reloaded assembly
- Finished resetting the current domain, in  0.721 seconds
Domain Reload Profiling:
	ReloadAssembly (211ms)
		BeginReloadAssembly (138ms)
			ExecutionOrderSort (0ms)
			DisableScriptedObjects (4ms)
			BackupInstance (0ms)
			ReleaseScriptingObjects (0ms)
			CreateAndSetChildDomain (39ms)
		LoadAllAssembliesAndSetupDomain (507ms)
			LoadAssemblies (234ms)
			RebuildTransferFunctionScriptingTraits (0ms)
			SetupTypeCache (325ms)
				TypeCache.Initialize (320ms)
					TypeCache.ScanAssembly (311ms)
				ResolveRequiredComponents (3ms)
		FinalizeReload (0ms)
			ReleaseScriptCaches (0ms)
			RebuildScriptCaches (0ms)
			SetupLoadedEditorAssemblies (355ms)
				LogAssemblyErrors (0ms)
				InitializePlatformSupportModulesInManaged (7ms)
				SetLoadedEditorAssemblies (4ms)
				RefreshPlugins (0ms)
				BeforeProcessingInitializeOnLoad (55ms)
				ProcessInitializeOnLoadAttributes (261ms)
				ProcessInitializeOnLoadMethodAttributes (22ms)
				AfterProcessingInitializeOnLoad (6ms)
				EditorAssembliesLoaded (0ms)
			ExecutionOrderSort2 (0ms)
			AwakeInstancesAfterBackupRestoration (13ms)
Refreshing native plugins compatible for Editor in 2.76 ms, found 3 plugins.
Preloading 0 native plugins for Editor in 0.00 ms.
Unloading 3109 Unused Serialized files (Serialized files now loaded: 0)
Unloading 28 unused Assets / (240.9 KB). Loaded Objects now: 3702.
Memory consumption went from 121.6 MB to 121.3 MB.
Total: 2.772300 ms (FindLiveObjects: 0.258300 ms CreateObjectMapping: 0.211000 ms MarkObjects: 2.180600 ms  DeleteObjects: 0.121500 ms)

Prepare: number of updated asset objects reloaded= 0
AssetImportParameters requested are different than current active one (requested -> active):
  custom:container-demuxer-ogg: 62fdf1f143b41e24485cea50d1cbac27 -> 
  custom:video-decoder-ogg-theora: a1e56fd34408186e4bbccfd4996cb3dc -> 
  custom:framework-win-MediaFoundation: 216162199b28c13a410421893ffa2e32 -> 
  custom:container-demuxer-webm: 4f35f7cbe854078d1ac9338744f61a02 -> 
  custom:container-muxer-webm: aa71ff27fc2769a1b78a27578f13a17b -> 
  custom:video-decoder-webm-vp8: 9c59270c3fd7afecdb556c50c9e8de78 -> 
  custom:AudioImporter_EditorPlatform: d09bf68614088b80899f8185d706f6e7 -> 
  custom:video-encoder-webm-vp8: eb34c28f22e8b96e1ab97ce403110664 -> 
  custom:audio-decoder-ogg-vorbis: bf7c407c2cedff20999df2af8eb42d56 -> 
  custom:audio-encoder-webm-vorbis: bf7c407c2cedff20999df2af8eb42d56 -> 
========================================================================
Received Prepare
Begin MonoManager ReloadAssembly
Symbol file LoadedFromMemory doesn't match image C:\Users\Jakov\Documents\Git\ZavrsniRad_PostProcessing\ZavrsniRad_PostProcessing\Library\PackageCache\com.unity.visualscripting@1.8.0\Editor\VisualScripting.Core\Dependencies\YamlDotNet\Unity.VisualScripting.YamlDotNet.dll
Symbol file LoadedFromMemory doesn't match image C:\Users\Jakov\Documents\Git\ZavrsniRad_PostProcessing\ZavrsniRad_PostProcessing\Library\PackageCache\com.unity.visualscripting@1.8.0\Editor\VisualScripting.Core\Dependencies\DotNetZip\Unity.VisualScripting.IonicZip.dll
- Loaded All Assemblies, in  0.742 seconds
Refreshing native plugins compatible for Editor in 3.33 ms, found 3 plugins.
Native extension for WindowsStandalone target not found
Native extension for WebGL target not found
Mono: successfully reloaded assembly
- Finished resetting the current domain, in  0.672 seconds
Domain Reload Profiling:
	ReloadAssembly (208ms)
		BeginReloadAssembly (139ms)
			ExecutionOrderSort (0ms)
			DisableScriptedObjects (5ms)
			BackupInstance (0ms)
			ReleaseScriptingObjects (0ms)
			CreateAndSetChildDomain (39ms)
		LoadAllAssembliesAndSetupDomain (532ms)
			LoadAssemblies (241ms)
			RebuildTransferFunctionScriptingTraits (0ms)
			SetupTypeCache (341ms)
				TypeCache.Initialize (335ms)
					TypeCache.ScanAssembly (327ms)
				ResolveRequiredComponents (6ms)
		FinalizeReload (0ms)
			ReleaseScriptCaches (0ms)
			RebuildScriptCaches (0ms)
			SetupLoadedEditorAssemblies (303ms)
				LogAssemblyErrors (0ms)
				InitializePlatformSupportModulesInManaged (6ms)
				SetLoadedEditorAssemblies (4ms)
				RefreshPlugins (0ms)
				BeforeProcessingInitializeOnLoad (48ms)
				ProcessInitializeOnLoadAttributes (216ms)
				ProcessInitializeOnLoadMethodAttributes (23ms)
				AfterProcessingInitializeOnLoad (6ms)
				EditorAssembliesLoaded (0ms)
			ExecutionOrderSort2 (0ms)
			AwakeInstancesAfterBackupRestoration (12ms)
Refreshing native plugins compatible for Editor in 3.01 ms, found 3 plugins.
Preloading 0 native plugins for Editor in 0.00 ms.
Unloading 3110 Unused Serialized files (Serialized files now loaded: 0)
Unloading 28 unused Assets / (248.2 KB). Loaded Objects now: 3705.
Memory consumption went from 121.8 MB to 121.6 MB.
Total: 2.861400 ms (FindLiveObjects: 0.235100 ms CreateObjectMapping: 0.109900 ms MarkObjects: 2.378900 ms  DeleteObjects: 0.136100 ms)

Prepare: number of updated asset objects reloaded= 0
AssetImportParameters requested are different than current active one (requested -> active):
  custom:container-demuxer-ogg: 62fdf1f143b41e24485cea50d1cbac27 -> 
  custom:video-decoder-ogg-theora: a1e56fd34408186e4bbccfd4996cb3dc -> 
  custom:framework-win-MediaFoundation: 216162199b28c13a410421893ffa2e32 -> 
  custom:container-demuxer-webm: 4f35f7cbe854078d1ac9338744f61a02 -> 
  custom:container-muxer-webm: aa71ff27fc2769a1b78a27578f13a17b -> 
  custom:video-decoder-webm-vp8: 9c59270c3fd7afecdb556c50c9e8de78 -> 
  custom:AudioImporter_EditorPlatform: d09bf68614088b80899f8185d706f6e7 -> 
  custom:video-encoder-webm-vp8: eb34c28f22e8b96e1ab97ce403110664 -> 
  custom:audio-decoder-ogg-vorbis: bf7c407c2cedff20999df2af8eb42d56 -> 
  custom:audio-encoder-webm-vorbis: bf7c407c2cedff20999df2af8eb42d56 -> 
========================================================================
Received Prepare
Begin MonoManager ReloadAssembly
Symbol file LoadedFromMemory doesn't match image C:\Users\Jakov\Documents\Git\ZavrsniRad_PostProcessing\ZavrsniRad_PostProcessing\Library\PackageCache\com.unity.visualscripting@1.8.0\Editor\VisualScripting.Core\Dependencies\YamlDotNet\Unity.VisualScripting.YamlDotNet.dll
Symbol file LoadedFromMemory doesn't match image C:\Users\Jakov\Documents\Git\ZavrsniRad_PostProcessing\ZavrsniRad_PostProcessing\Library\PackageCache\com.unity.visualscripting@1.8.0\Editor\VisualScripting.Core\Dependencies\DotNetZip\Unity.VisualScripting.IonicZip.dll
- Loaded All Assemblies, in  0.693 seconds
Refreshing native plugins compatible for Editor in 2.78 ms, found 3 plugins.
Native extension for WindowsStandalone target not found
Native extension for WebGL target not found
Mono: successfully reloaded assembly
- Finished resetting the current domain, in  0.652 seconds
Domain Reload Profiling:
	ReloadAssembly (220ms)
		BeginReloadAssembly (142ms)
			ExecutionOrderSort (0ms)
			DisableScriptedObjects (4ms)
			BackupInstance (0ms)
			ReleaseScriptingObjects (0ms)
			CreateAndSetChildDomain (38ms)
		LoadAllAssembliesAndSetupDomain (469ms)
			LoadAssemblies (226ms)
			RebuildTransferFunctionScriptingTraits (0ms)
			SetupTypeCache (298ms)
				TypeCache.Initialize (295ms)
					TypeCache.ScanAssembly (288ms)
				ResolveRequiredComponents (3ms)
		FinalizeReload (0ms)
			ReleaseScriptCaches (0ms)
			RebuildScriptCaches (0ms)
			SetupLoadedEditorAssemblies (296ms)
				LogAssemblyErrors (0ms)
				InitializePlatformSupportModulesInManaged (6ms)
				SetLoadedEditorAssemblies (4ms)
				RefreshPlugins (0ms)
				BeforeProcessingInitializeOnLoad (51ms)
				ProcessInitializeOnLoadAttributes (211ms)
				ProcessInitializeOnLoadMethodAttributes (18ms)
				AfterProcessingInitializeOnLoad (6ms)
				EditorAssembliesLoaded (0ms)
			ExecutionOrderSort2 (0ms)
			AwakeInstancesAfterBackupRestoration (13ms)
Refreshing native plugins compatible for Editor in 2.61 ms, found 3 plugins.
Preloading 0 native plugins for Editor in 0.00 ms.
Unloading 3110 Unused Serialized files (Serialized files now loaded: 0)
Unloading 28 unused Assets / (248.1 KB). Loaded Objects now: 3708.
Memory consumption went from 121.8 MB to 121.6 MB.
Total: 2.577500 ms (FindLiveObjects: 0.229700 ms CreateObjectMapping: 0.155800 ms MarkObjects: 2.038400 ms  DeleteObjects: 0.152700 ms)

Prepare: number of updated asset objects reloaded= 0
AssetImportParameters requested are different than current active one (requested -> active):
  custom:container-demuxer-ogg: 62fdf1f143b41e24485cea50d1cbac27 -> 
  custom:video-decoder-ogg-theora: a1e56fd34408186e4bbccfd4996cb3dc -> 
  custom:framework-win-MediaFoundation: 216162199b28c13a410421893ffa2e32 -> 
  custom:container-demuxer-webm: 4f35f7cbe854078d1ac9338744f61a02 -> 
  custom:container-muxer-webm: aa71ff27fc2769a1b78a27578f13a17b -> 
  custom:video-decoder-webm-vp8: 9c59270c3fd7afecdb556c50c9e8de78 -> 
  custom:AudioImporter_EditorPlatform: d09bf68614088b80899f8185d706f6e7 -> 
  custom:video-encoder-webm-vp8: eb34c28f22e8b96e1ab97ce403110664 -> 
  custom:audio-decoder-ogg-vorbis: bf7c407c2cedff20999df2af8eb42d56 -> 
  custom:audio-encoder-webm-vorbis: bf7c407c2cedff20999df2af8eb42d56 -> 
